<?xml version="1.0" encoding="UTF-8"?>
<!-- Generated by org.testng.reporters.JUnitXMLReporter -->
<testsuite hostname="DESKTOP-S6UVQG8" ignored="0" name="testhomepage" tests="3" failures="1" timestamp="05 Jun 2020 16:08:56 GMT" time="8.34" errors="0">
  <testcase name="login" time="3.175" classname="Test.TestCase.TestCase"/>
  <testcase name="verifyFilter" time="2.631" classname="Test.TestCase.TestCase">
    <failure type="java.lang.AssertionError" message="expected [true] but found [false]">
      <![CDATA[java.lang.AssertionError: expected [true] but found [false]
at Test.TestCase.TestCase.verifyFilter(TestCase.java:79)
... Removed 31 stack frames]]>
    </failure>
  </testcase> <!-- verifyFilter -->
  <testcase name="verifySort" time="2.204" classname="Test.TestCase.TestCase"/>
</testsuite> <!-- testhomepage -->
