<?xml version="1.0" encoding="UTF-8"?>
<!-- Generated by org.testng.reporters.JUnitXMLReporter -->
<testsuite hostname="DESKTOP-S6UVQG8" ignored="0" name="Command line test" tests="3" failures="1" timestamp="05 Jun 2020 15:55:58 GMT" time="8.621" errors="0">
  <testcase name="login" time="3.385" classname="Test.TestCase.TestCase"/>
  <testcase name="verifyFilter" time="2.718" classname="Test.TestCase.TestCase">
    <failure type="java.lang.AssertionError" message="expected [true] but found [false]">
      <![CDATA[java.lang.AssertionError: expected [true] but found [false]
at Test.TestCase.TestCase.verifyFilter(TestCase.java:82)
... Removed 40 stack frames]]>
    </failure>
  </testcase> <!-- verifyFilter -->
  <testcase name="verifySort" time="2.212" classname="Test.TestCase.TestCase"/>
</testsuite> <!-- Command line test -->
